<?xml version="1.0" encoding="UTF-8"?>
<robot generated="20180824 14:00:40.453" generator="Robot 3.0.4 (Python 2.7.15 on win32)">
<suite source="D:\00_Workspace\04_RobotFrameWork\01_Python\RF_E2E_Testing" id="s1" name="RF E2E Testing">
<suite source="D:\00_Workspace\04_RobotFrameWork\01_Python\RF_E2E_Testing\testSuites" id="s1-s1" name="testSuites">
<suite source="D:\00_Workspace\04_RobotFrameWork\01_Python\RF_E2E_Testing\testSuites\saucelabs_TCs" id="s1-s1-s1" name="saucelabs TCs">
<suite source="D:\00_Workspace\04_RobotFrameWork\01_Python\RF_E2E_Testing\testSuites\saucelabs_TCs\sauce_metrainHome.robot" id="s1-s1-s1-s1" name="sauce metrainHome">
<test id="s1-s1-s1-s1-t1" name="This test case is to test the web mobile">
<kw name="Open etrain browser in mobile">
<kw name="Open Application" library="AppiumLibrary">
<doc>Opens a new application to given Appium server.</doc>
<arguments>
<arg>${REMOTE_URL}</arg>
<arg>platformName=${PLATFORM_NAME}</arg>
<arg>deviceName=${DEVICE_NAME}</arg>
<arg>browserName=${BROWSER_NAME}</arg>
<arg>androidPackage=${ANDRIOD_PACKAGE}</arg>
</arguments>
<kw name="Capture Page Screenshot" library="AppiumLibrary">
<doc>Takes a screenshot of the current page and embeds it into the log.</doc>
<msg timestamp="20180824 14:00:42.446" level="FAIL">No application is open</msg>
<status status="FAIL" endtime="20180824 14:00:42.447" starttime="20180824 14:00:42.436"></status>
</kw>
<msg timestamp="20180824 14:00:42.449" level="WARN">Keyword 'Capture Page Screenshot' could not be run on failure: No application is open</msg>
<msg timestamp="20180824 14:00:42.461" level="FAIL">WebDriverException: Message: Unexpected server error.
</msg>
<status status="FAIL" endtime="20180824 14:00:42.462" starttime="20180824 14:00:40.918"></status>
</kw>
<status status="FAIL" endtime="20180824 14:00:42.464" starttime="20180824 14:00:40.917"></status>
</kw>
<status status="FAIL" endtime="20180824 14:00:42.466" critical="yes" starttime="20180824 14:00:40.915">WebDriverException: Message: Unexpected server error.
</status>
</test>
<status status="FAIL" endtime="20180824 14:00:42.470" starttime="20180824 14:00:40.541"></status>
</suite>
<status status="FAIL" endtime="20180824 14:00:42.479" starttime="20180824 14:00:40.537"></status>
</suite>
<status status="FAIL" endtime="20180824 14:00:42.486" starttime="20180824 14:00:40.534"></status>
</suite>
<status status="FAIL" endtime="20180824 14:00:42.492" starttime="20180824 14:00:40.501"></status>
</suite>
<statistics>
<total>
<stat fail="1" pass="0">Critical Tests</stat>
<stat fail="1" pass="0">All Tests</stat>
</total>
<tag>
</tag>
<suite>
<stat fail="1" id="s1" name="RF E2E Testing" pass="0">RF E2E Testing</stat>
<stat fail="1" id="s1-s1" name="testSuites" pass="0">RF E2E Testing.testSuites</stat>
<stat fail="1" id="s1-s1-s1" name="saucelabs TCs" pass="0">RF E2E Testing.testSuites.saucelabs TCs</stat>
<stat fail="1" id="s1-s1-s1-s1" name="sauce metrainHome" pass="0">RF E2E Testing.testSuites.saucelabs TCs.sauce metrainHome</stat>
</suite>
</statistics>
<errors>
<msg timestamp="20180824 14:00:42.449" level="WARN">Keyword 'Capture Page Screenshot' could not be run on failure: No application is open</msg>
</errors>
</robot>
